Arguments: 
  C:\Program Files\nodejs\node.exe C:\Program Files\nodejs\node_modules\yarn\bin\yarn.js

PATH: 
  C:\Users\aiestar\AppData\Local\Programs\Python\Python37\Scripts\;C:\Users\aiestar\AppData\Local\Programs\Python\Python37\;C:\Program Files (x86)\Common Files\Intel\Shared Libraries\redist\intel64\compiler;C:\Program Files (x86)\Common Files\Intel\Shared Libraries\redist\ia32\compiler;C:\Windows\system32;C:\Windows;C:\Windows\System32\Wbem;C:\Windows\System32\WindowsPowerShell\v1.0\;C:\Program Files\Microsoft\Web Platform Installer\;C:\Program Files (x86)\sbt\bin;C:\Program Files\OpenVPN\bin;C:\Program Files\MongoDB\Server\3.2\bin;C:\Program Files\Git\cmd;C:\Program Files\Java\jdk1.8.0_121\bin;C:\Users\aiestar\AppData\Local\Android\sdk\platform-tools;C:\Program Files\dotnet\;C:\Program Files (x86)\Microsoft VS Code\bin;C:\Users\aiestar\AppData\Roaming\nvm;C:\Program Files\nodejs;C:\Users\aiestar\AppData\Local\Programs\Python\Python37\Scripts\;C:\Users\aiestar\AppData\Local\Programs\Python\Python37\;C:\Program Files (x86)\Microsoft VS Code\bin;C:\Users\aiestar\AppData\Local\Enthought\Canopy\User;C:\Users\aiestar\AppData\Local\Enthought\Canopy\User\Scripts;C:\Users\aiestar\.babun;C:\Users\aiestar\AppData\Local\Programs\EmEditor;C:\Program Files\Heroku\bin;C:\Users\aiestar\AppData\Local\Android\sdk\platform-tools;C:\Program Files (x86)\MySQL\MySQL Server 5.0\bin;C:\Users\aiestar\AppData\Roaming\nvm;C:\Program Files\nodejs

Yarn version: 
  1.16.0

Node version: 
  10.15.3

Platform: 
  win32 x64

Trace: 
  Error: https://registry.npm.taobao.org/buble/download/buble-0.19.6.tgz: ESOCKETTIMEDOUT
      at ClientRequest.<anonymous> (C:\Users\aiestar\AppData\Roaming\nvm\v10.15.3\node_modules\yarn\lib\cli.js:130217:19)
      at Object.onceWrapper (events.js:277:13)
      at ClientRequest.emit (events.js:189:13)
      at TLSSocket.emitRequestTimeout (_http_client.js:662:40)
      at Object.onceWrapper (events.js:277:13)
      at TLSSocket.emit (events.js:189:13)
      at TLSSocket.Socket._onTimeout (net.js:440:8)
      at ontimeout (timers.js:436:11)
      at tryOnTimeout (timers.js:300:5)
      at listOnTimeout (timers.js:263:5)

npm manifest: 
  {
    "name": "react-slides",
    "version": "1.0.0",
    "description": "",
    "main": "index.js",
    "scripts": {
      "test": "echo \"Error: no test specified\" && exit 1",
      "start": "mdx-deck src/index.mdx"
    },
    "keywords": [],
    "author": "Nishan B <nishanbende@gmail.com>",
    "license": "MIT",
    "devDependencies": {
      "mdx-deck": "^2.3.2"
    },
    "dependencies": {
      "react-live": "^2.1.2"
    }
  }

yarn manifest: 
  No manifest

Lockfile: 
  No lockfile
